This is pdfTeX, Version 3.1415926-1.40.11 (MiKTeX 2.9) (preloaded format=latex 2011.5.28)  17 JUN 2011 03:25
entering extended mode
**ms.tex
(C:\Dev\asprofiled\Docs\MS\ms.tex
LaTeX2e <2009/09/24>
Babel <v3.8l> and hyphenation patterns for english, afrikaans, ancientgreek, ar
abic, armenian, assamese, basque, bengali, bokmal, bulgarian, catalan, coptic, 
croatian, czech, danish, dutch, esperanto, estonian, farsi, finnish, french, ga
lician, german, german-x-2009-06-19, greek, gujarati, hindi, hungarian, iceland
ic, indonesian, interlingua, irish, italian, kannada, kurmanji, lao, latin, lat
vian, lithuanian, malayalam, marathi, mongolian, mongolianlmc, monogreek, ngerm
an, ngerman-x-2009-06-19, nynorsk, oriya, panjabi, pinyin, polish, portuguese, 
romanian, russian, sanskrit, serbian, slovak, slovenian, spanish, swedish, swis
sgerman, tamil, telugu, turkish, turkmen, ukenglish, ukrainian, uppersorbian, u
senglishmax, welsh, loaded.
("C:\Program Files\MiKTeX 2.9\tex\latex\memoir\memoir.cls"
Document Class: memoir 2010/09/19 v3.6g configurable book, report, article docu
ment class
\onelineskip=\skip41
\lxvchars=\skip42
\xlvchars=\skip43
\@memcnta=\count79
\c@@memmarkcntra=\count80
\l@nohyphenation=\language70
("C:\Program Files\MiKTeX 2.9\tex\generic\oberdiek\ifpdf.sty"
Package: ifpdf 2010/01/28 v2.1 Provides the ifpdf switch (HO)
Package ifpdf Info: pdfTeX in pdf mode not detected.
)
Class memoir Info: An `ifetex' package is being emulated on input line 251.

("C:\Program Files\MiKTeX 2.9\tex\generic\ifxetex\ifxetex.sty"
Package: ifxetex 2010/09/12 v0.6 Provides ifxetex conditional
)
("C:\Program Files\MiKTeX 2.9\tex\generic\oberdiek\ifluatex.sty"
Package: ifluatex 2010/03/01 v1.3 Provides the ifluatex switch (HO)
Package ifluatex Info: LuaTeX not detected.
)
\stockheight=\skip44
\stockwidth=\skip45
\trimtop=\skip46
\trimedge=\skip47

("C:\Program Files\MiKTeX 2.9\tex\latex\misc\etex.sty"
Package: etex 1998/03/26 v2.0 eTeX basic definition package (PEB)
\et@xins=\count81
)
("C:\Program Files\MiKTeX 2.9\tex\latex\memoir\mem12.clo"
File: mem12.clo 2008/01/30 v0.4 memoir class 12pt size option
)
\binding=\skip48
\spinemargin=\skip49
\foremargin=\skip50
\uppermargin=\skip51
\lowermargin=\skip52
\headdrop=\skip53
\normalrulethickness=\skip54
\headwidth=\skip55
\c@storedpagenumber=\count82
\memPD=\dimen102
\m@mabparskip=\skip56
\thanksmarkwidth=\skip57
\thanksmarksep=\skip58
\droptitle=\skip59
\c@book=\count83
\c@part=\count84
\c@chapter=\count85
\c@section=\count86
\c@subsection=\count87
\c@subsubsection=\count88
\c@paragraph=\count89
\c@subparagraph=\count90
\beforechapskip=\skip60
\midchapskip=\skip61
\afterchapskip=\skip62
\chapindent=\skip63
\bottomsectionskip=\skip64
\secindent=\skip65
\beforesecskip=\skip66
\aftersecskip=\skip67
\subsecindent=\skip68
\beforesubsecskip=\skip69
\aftersubsecskip=\skip70
\subsubsecindent=\skip71
\beforesubsubsecskip=\skip72
\aftersubsubsecskip=\skip73
\paraindent=\skip74
\beforeparaskip=\skip75
\afterparaskip=\skip76
\subparaindent=\skip77
\beforesubparaskip=\skip78
\aftersubparaskip=\skip79
\pfbreakskip=\skip80
\c@@ppsavesec=\count91
\c@@ppsaveapp=\count92
\ragrparindent=\dimen103
\everylistparindent=\dimen104
\parsepi=\skip81
\topsepi=\skip82
\itemsepi=\skip83
\parsepii=\skip84
\topsepii=\skip85
\topsepiii=\skip86
\itemsepii=\skip87
\itemsepiii=\skip88
\partopsepii=\skip89
\partopsepiii=\skip90
\m@msavetopsep=\skip91
\m@msavepartopsep=\skip92
\@enLab=\toks14
\abstitleskip=\skip93
\absleftindent=\skip94
\abs@leftindent=\dimen105
\absrightindent=\skip95
\absparindent=\skip96
\absparsep=\skip97
\c@vslineno=\count93
\c@poemline=\count94
\c@modulo@vs=\count95
\c@memfvsline=\count96
\vleftskip=\skip98
\vrightskip=\skip99
\stanzaskip=\skip100
\versewidth=\skip101
\vgap=\skip102
\vindent=\skip103
\vleftmargin=\dimen106
\c@verse=\count97
\c@chrsinstr=\count98
\beforepoemtitleskip=\skip104
\afterpoemtitleskip=\skip105
\c@poem=\count99
\beforePoemTitleskip=\skip106
\midPoemTitleskip=\skip107
\afterPoemTitleskip=\skip108
\col@sep=\dimen107
\extrarowheight=\dimen108
\NC@list=\toks15
\extratabsurround=\skip109
\backup@length=\skip110
\TX@col@width=\dimen109
\TX@old@table=\dimen110
\TX@old@col=\dimen111
\TX@target=\dimen112
\TX@delta=\dimen113
\TX@cols=\count100
\TX@ftn=\toks16
\heavyrulewidth=\dimen114
\lightrulewidth=\dimen115
\cmidrulewidth=\dimen116
\belowrulesep=\dimen117
\belowbottomsep=\dimen118
\aboverulesep=\dimen119
\abovetopsep=\dimen120
\cmidrulesep=\dimen121
\cmidrulekern=\dimen122
\defaultaddspace=\dimen123
\@cmidla=\count101
\@cmidlb=\count102
\@aboverulesep=\dimen124
\@belowrulesep=\dimen125
\@thisruleclass=\count103
\@lastruleclass=\count104
\@thisrulewidth=\dimen126
\ctableftskip=\skip111
\ctabrightskip=\skip112
\abovecolumnspenalty=\count105
\@linestogo=\count106
\@cellstogo=\count107
\@cellsincolumn=\count108
\crtok=\toks17
\@mincolumnwidth=\dimen127
\c@newflo@tctr=\count109
\@contcwidth=\skip113
\@contindw=\skip114
\abovecaptionskip=\skip115
\belowcaptionskip=\skip116
\subfloattopskip=\skip117
\subfloatcapskip=\skip118
\subfloatcaptopadj=\skip119
\subfloatbottomskip=\skip120
\subfloatlabelskip=\skip121
\subfloatcapmargin=\dimen128
\c@@contsubnum=\count110
\m@mscap@capbox=\box26
\m@mscap@fbox=\box27
\sidecapsep=\dimen129
\sidecapwidth=\dimen130
\m@m@tempdima=\dimen131
\m@mscapraise=\dimen132
\sidecapraise=\dimen133
\m@mscapmainwidth=\dimen134
\m@mscaplkern=\dimen135
\beforeepigraphskip=\skip122
\afterepigraphskip=\skip123
\epigraphwidth=\skip124
\epigraphrule=\skip125
LaTeX Info: Redefining \em on input line 7217.
LaTeX Info: Redefining \emph on input line 7225.
\tocentryskip=\skip126
\tocbaseline=\skip127
\cftparskip=\skip128
\cftbeforebookskip=\skip129
\cftbookindent=\dimen136
\cftbooknumwidth=\dimen137
\cftbeforepartskip=\skip130
\cftpartindent=\skip131
\cftpartnumwidth=\skip132
\cftbeforechapterskip=\skip133
\cftchapterindent=\skip134
\cftchapternumwidth=\skip135
\cftbeforesectionskip=\skip136
\cftsectionindent=\skip137
\cftsectionnumwidth=\skip138
\cftbeforesubsectionskip=\skip139
\cftsubsectionindent=\skip140
\cftsubsectionnumwidth=\skip141
\cftbeforesubsubsectionskip=\skip142
\cftsubsubsectionindent=\skip143
\cftsubsubsectionnumwidth=\skip144
\cftbeforeparagraphskip=\skip145
\cftparagraphindent=\skip146
\cftparagraphnumwidth=\skip147
\cftbeforesubparagraphskip=\skip148
\cftsubparagraphindent=\skip149
\cftsubparagraphnumwidth=\skip150
\prechapterprecisshift=\dimen138
\c@maxsecnumdepth=\count111
\bibindent=\dimen139
\bibitemsep=\skip151
\indexcolsep=\skip152
\indexrule=\skip153
\indexmarkstyle=\toks18
\@indexbox=\insert233
\glossarycolsep=\dimen140
\glossaryrule=\dimen141
\sideparvshift=\skip154
\sideins=\insert232
\sidebartopsep=\skip155
\sidebarhsep=\skip156
\sidebarvsep=\skip157
\sidebarwidth=\skip158
\footmarkwidth=\skip159
\footmarksep=\skip160
\footparindent=\skip161
\footinsdim=\skip162
\footinsv@r=\insert231
\@mpfootinsv@r=\insert230
\m@m@k=\count112
\m@m@h=\dimen142
\m@mipn@skip=\skip163
\sidefootins=\insert229
\sidefootadjust=\skip164
\sidefootheight=\skip165
\sidefoothsep=\skip166
\sidefootvsep=\skip167
\sidefootwidth=\skip168
\m@mdownsf=\skip169
\c@sidefootnote=\count113
\sidefootmarkwidth=\skip170
\sidefootmarksep=\skip171
\sidefootparindent=\skip172
\c@pagenote=\count114
\every@verbatim=\toks19
\afterevery@verbatim=\toks20
\verbatim@line=\toks21
\tab@position=\count115
\verbatim@in@stream=\read1
\verbatimindent=\skip173
\verbatim@out=\write3
\bvboxsep=\skip174
\c@memfbvline=\count116
\c@bvlinectr=\count117
\bvnumlength=\skip175
\fb@frw=\dimen143
\fb@frh=\dimen144
\FrameRule=\dimen145
\FrameSep=\dimen146
\c@cp@cntr=\count118
LaTeX Info: Redefining \: on input line 11560.
LaTeX Info: Redefining \! on input line 11562.
\c@ism@mctr=\count119
\c@xsm@mctr=\count120
\c@csm@mctr=\count121
\c@ksm@mctr=\count122
\c@xksm@mctr=\count123
\c@cksm@mctr=\count124
\c@msm@mctr=\count125
\c@xmsm@mctr=\count126
\c@cmsm@mctr=\count127
\c@bsm@mctr=\count128
\c@workm@mctr=\count129
\c@sheetsequence=\count130
\c@lastsheet=\count131
\c@lastpage=\count132
\c@figure=\count133
\c@lofdepth=\count134
\cftbeforefigureskip=\skip176
\cftfigureindent=\skip177
\cftfigurenumwidth=\skip178
\c@table=\count135
\c@lotdepth=\count136
\cftbeforetableskip=\skip179
\cfttableindent=\skip180
\cfttablenumwidth=\skip181
Package abstract [2008/07/23] emulated by memoir.
Package appendix [2008/07/23] emulated by memoir.
Package array [2008/07/23] emulated by memoir.
Package booktabs [2008/07/23] emulated by memoir.
Package ccaption [2008/07/23] emulated by memoir.
Package changepage [2008/07/23] emulated by memoir.
Package chngcntr [2008/07/23] emulated by memoir.
Package chngpage [2008/07/23] emulated by memoir.
Package crop emulated by memoir.
Package dcolumn [2008/07/23] emulated by memoir.
Package delarray [2008/07/23] emulated by memoir.
Package enumerate [2008/07/23] emulated by memoir.
Package epigraph [2008/07/23] emulated by memoir.
Package ifmtarg [2008/07/23] emulated by memoir.
Package ifetex [2008/07/23] emulated by memoir.
Package index [2008/07/23] emulated by memoir.
Package makeidx [2008/07/23] emulated by memoir.
Package moreverb [2008/07/23] emulated by memoir.
Package mparhack [2008/07/23] emulated by memoir.
Package needspace [2008/07/23] emulated by memoir.
Package newfile [2008/07/23] emulated by memoir.
Package nextpage [2008/07/23] emulated by memoir.
Package pagenote [2008/07/23] emulated by memoir.
Package parskip [2008/07/23] emulated by memoir.
Package patchcmd [2008/07/23] emulated by memoir.
Package setspace [2008/07/23] emulated by memoir.
Package shortvrb [2008/07/23] emulated by memoir.
Package showidx [2008/07/23] emulated by memoir.
Package tabularx [2008/07/23] emulated by memoir.
Package titleref [2008/07/23] emulated by memoir.
Package titling [2008/07/23] emulated by memoir.
Package tocbibind [2008/07/23] emulated by memoir.
Package tocloft [2008/07/23] emulated by memoir.
Package tocvsec2 [2008/07/23] emulated by memoir.
Package verbatim [2008/07/23] emulated by memoir.
Package verse [2008/07/23] emulated by memoir.

("C:\Program Files\MiKTeX 2.9\tex\latex\memoir\mempatch.sty"
Package: mempatch 2009/07/24 v6.0f Patches for memoir class v1.6180339
))
(C:\Dev\asprofiled\Docs\MS\style.tex
("C:\Program Files\MiKTeX 2.9\tex\latex\graphics\graphicx.sty"
Package: graphicx 1999/02/16 v1.0f Enhanced LaTeX Graphics (DPC,SPQR)

("C:\Program Files\MiKTeX 2.9\tex\latex\graphics\keyval.sty"
Package: keyval 1999/03/16 v1.13 key=value parser (DPC)
\KV@toks@=\toks22
)
("C:\Program Files\MiKTeX 2.9\tex\latex\graphics\graphics.sty"
Package: graphics 2009/02/05 v1.0o Standard LaTeX Graphics (DPC,SPQR)

("C:\Program Files\MiKTeX 2.9\tex\latex\graphics\trig.sty"
Package: trig 1999/03/16 v1.09 sin cos tan (DPC)
)
("C:\Program Files\MiKTeX 2.9\tex\latex\00miktex\graphics.cfg"
File: graphics.cfg 2007/01/18 v1.5 graphics configuration of teTeX/TeXLive
)
Package graphics Info: Driver file: dvips.def on input line 91.

("C:\Program Files\MiKTeX 2.9\tex\latex\graphics\dvips.def"
File: dvips.def 1999/02/16 v3.0i Driver-dependant file (DPC,SPQR)
))
\Gin@req@height=\dimen147
\Gin@req@width=\dimen148
)
("C:\Program Files\MiKTeX 2.9\tex\latex\graphics\epsfig.sty"
Package: epsfig 1999/02/16 v1.7a (e)psfig emulation (SPQR)
\epsfxsize=\dimen149
\epsfysize=\dimen150
)
("C:\Program Files\MiKTeX 2.9\tex\latex\ams\math\amsmath.sty"
Package: amsmath 2000/07/18 v2.13 AMS math features
\@mathmargin=\skip182

For additional information on amsmath, use the `?' option.
("C:\Program Files\MiKTeX 2.9\tex\latex\ams\math\amstext.sty"
Package: amstext 2000/06/29 v2.01

("C:\Program Files\MiKTeX 2.9\tex\latex\ams\math\amsgen.sty"
File: amsgen.sty 1999/11/30 v2.0
\@emptytoks=\toks23
\ex@=\dimen151
))
("C:\Program Files\MiKTeX 2.9\tex\latex\ams\math\amsbsy.sty"
Package: amsbsy 1999/11/29 v1.2d
\pmbraise@=\dimen152
)
("C:\Program Files\MiKTeX 2.9\tex\latex\ams\math\amsopn.sty"
Package: amsopn 1999/12/14 v2.01 operator names
)
\inf@bad=\count137
LaTeX Info: Redefining \frac on input line 211.
\uproot@=\count138
\leftroot@=\count139
LaTeX Info: Redefining \overline on input line 307.
\classnum@=\count140
\DOTSCASE@=\count141
LaTeX Info: Redefining \ldots on input line 379.
LaTeX Info: Redefining \dots on input line 382.
LaTeX Info: Redefining \cdots on input line 467.
\Mathstrutbox@=\box28
\strutbox@=\box29
\big@size=\dimen153
LaTeX Font Info:    Redeclaring font encoding OML on input line 567.
LaTeX Font Info:    Redeclaring font encoding OMS on input line 568.
\macc@depth=\count142
\c@MaxMatrixCols=\count143
\dotsspace@=\muskip10
\c@parentequation=\count144
\dspbrk@lvl=\count145
\tag@help=\toks24
\row@=\count146
\column@=\count147
\maxfields@=\count148
\andhelp@=\toks25
\eqnshift@=\dimen154
\alignsep@=\dimen155
\tagshift@=\dimen156
\tagwidth@=\dimen157
\totwidth@=\dimen158
\lineht@=\dimen159
\@envbody=\toks26
\multlinegap=\skip183
\multlinetaggap=\skip184
\mathdisplay@stack=\toks27
LaTeX Info: Redefining \[ on input line 2666.
LaTeX Info: Redefining \] on input line 2667.
)
("C:\Program Files\MiKTeX 2.9\tex\latex\mh\mathtools.sty"
Package: mathtools 2011/02/12 v1.10 mathematical typesetting tools

("C:\Program Files\MiKTeX 2.9\tex\latex\tools\calc.sty"
Package: calc 2007/08/22 v4.3 Infix arithmetic (KKT,FJ)
\calc@Acount=\count149
\calc@Bcount=\count150
\calc@Adimen=\dimen160
\calc@Bdimen=\dimen161
\calc@Askip=\skip185
\calc@Bskip=\skip186
LaTeX Info: Redefining \setlength on input line 76.
LaTeX Info: Redefining \addtolength on input line 77.
\calc@Ccount=\count151
\calc@Cskip=\skip187
)
("C:\Program Files\MiKTeX 2.9\tex\latex\mh\mhsetup.sty"
Package: mhsetup 2010/01/21 v1.2a programming setup (MH)
)
\g_MT_multlinerow_int=\count152
\l_MT_multwidth_dim=\dimen162
\origjot=\skip188
\l_MT_shortvdotswithinadjustabove_dim=\dimen163
\l_MT_shortvdotswithinadjustbelow_dim=\dimen164
)
("C:\Program Files\MiKTeX 2.9\tex\latex\amsfonts\amssymb.sty"
Package: amssymb 2009/06/22 v3.00

("C:\Program Files\MiKTeX 2.9\tex\latex\amsfonts\amsfonts.sty"
Package: amsfonts 2009/06/22 v3.00 Basic AMSFonts support
\symAMSa=\mathgroup4
\symAMSb=\mathgroup5
LaTeX Font Info:    Overwriting math alphabet `\mathfrak' in version `bold'
(Font)                  U/euf/m/n --> U/euf/b/n on input line 96.
))
("C:\Program Files\MiKTeX 2.9\tex\latex\ams\classes\amsthm.sty"
Package: amsthm 2004/08/06 v2.20
\thm@style=\toks28
\thm@bodyfont=\toks29
\thm@headfont=\toks30
\thm@notefont=\toks31
\thm@headpunct=\toks32
\thm@preskip=\skip189
\thm@postskip=\skip190
\thm@headsep=\skip191
\dth@everypar=\toks33
)
("C:\Program Files\MiKTeX 2.9\tex\latex\bbding\bbding.sty"
Package: bbding 1999/04/15 v1.01 Dingbats symbols
)
("C:\Program Files\MiKTeX 2.9\tex\latex\stmaryrd\stmaryrd.sty"
Package: stmaryrd 1994/03/03 St Mary's Road symbol package
\symstmry=\mathgroup6
LaTeX Font Info:    Overwriting symbol font `stmry' in version `bold'
(Font)                  U/stmry/m/n --> U/stmry/b/n on input line 89.
)
("C:\Program Files\MiKTeX 2.9\tex\latex\ltxmisc\url.sty"
\Urlmuskip=\muskip11
Package: url 2006/04/12  ver 3.3  Verb mode for urls, etc.
)
("C:\Program Files\MiKTeX 2.9\tex\latex\tools\longtable.sty"
Package: longtable 2004/02/01 v4.11 Multi-page Table package (DPC)
\LTleft=\skip192
\LTright=\skip193
\LTpre=\skip194
\LTpost=\skip195
\LTchunksize=\count153
\LTcapwidth=\dimen165
\LT@head=\box30
\LT@firsthead=\box31
\LT@foot=\box32
\LT@lastfoot=\box33
\LT@cols=\count154
\LT@rows=\count155
\c@LT@tables=\count156
\c@LT@chunks=\count157
\LT@p@ftn=\toks34
)
("C:\Program Files\MiKTeX 2.9\tex\latex\rotating\rotating.sty"
Package: rotating 2009/03/28 v2.16a rotated objects in LaTeX

("C:\Program Files\MiKTeX 2.9\tex\latex\base\ifthen.sty"
Package: ifthen 2001/05/26 v1.1c Standard LaTeX ifthen package (DPC)
)
\c@r@tfl@t=\count158
\rotFPtop=\skip196
\rotFPbot=\skip197
\rot@float@box=\box34
\rot@mess@toks=\toks35
)
("C:\Program Files\MiKTeX 2.9\tex\latex\listings\listings.sty"
\lst@mode=\count159
\lst@gtempboxa=\box35
\lst@token=\toks36
\lst@length=\count160
\lst@currlwidth=\dimen166
\lst@column=\count161
\lst@pos=\count162
\lst@lostspace=\dimen167
\lst@width=\dimen168
\lst@newlines=\count163
\lst@lineno=\count164
\lst@maxwidth=\dimen169

("C:\Program Files\MiKTeX 2.9\tex\latex\listings\lstmisc.sty"
File: lstmisc.sty 2007/02/22 1.4 (Carsten Heinz)
\c@lstnumber=\count165
\lst@skipnumbers=\count166
\lst@framebox=\box36
)
("C:\Program Files\MiKTeX 2.9\tex\latex\listings\listings.cfg"
File: listings.cfg 2007/02/22 1.4 listings configuration
))
Package: listings 2007/02/22 1.4 (Carsten Heinz)

("C:\Program Files\MiKTeX 2.9\tex\latex\polski\polski.sty"
Package: polski 2008/02/24 v1.3.3 Polish language package

Document language package `polski' v1.3.3 <2008/02/24>
   Switching to Polish text encoding and Polish maths fonts.
("C:\Program Files\MiKTeX 2.9\tex\latex\base\ot4enc.def"
File: ot4enc.def 2005/09/27 v1.99g Standard LaTeX file
)
LaTeX Font Info:    Try loading font information for OT4+cmr on input line 346.


("C:\Program Files\MiKTeX 2.9\tex\latex\polski\ot4cmr.fd"
File: ot4cmr.fd 2008/02/24 v1.2.1 Font defs for fonts PL (MW)
)
LaTeX Font Info:    Overwriting math alphabet `\mathbf' in version `normal'
(Font)                  OT1/cmr/bx/n --> OT4/cmr/bx/n on input line 346.
LaTeX Font Info:    Overwriting math alphabet `\mathsf' in version `normal'
(Font)                  OT1/cmss/m/n --> OT4/cmss/m/n on input line 346.
LaTeX Font Info:    Overwriting math alphabet `\mathit' in version `normal'
(Font)                  OT1/cmr/m/it --> OT4/cmr/m/it on input line 346.
LaTeX Font Info:    Overwriting math alphabet `\mathtt' in version `normal'
(Font)                  OT1/cmtt/m/n --> OT4/cmtt/m/n on input line 346.
LaTeX Font Info:    Overwriting math alphabet `\mathsf' in version `bold'
(Font)                  OT1/cmss/bx/n --> OT4/cmss/bx/n on input line 346.
LaTeX Font Info:    Overwriting math alphabet `\mathit' in version `bold'
(Font)                  OT1/cmr/bx/it --> OT4/cmr/bx/it on input line 346.
LaTeX Font Info:    Encoding `OT1' has changed to `OT4' for symbol font
(Font)              `operators' in the math version `normal' on input line 346.

LaTeX Font Info:    Overwriting symbol font `operators' in version `normal'
(Font)                  OT1/cmr/m/n --> OT4/cmr/m/n on input line 346.
LaTeX Font Info:    Overwriting symbol font `letters' in version `normal'
(Font)                  OML/cmm/m/it --> OML/plm/m/it on input line 346.
LaTeX Font Info:    Overwriting symbol font `symbols' in version `normal'
(Font)                  OMS/cmsy/m/n --> OMS/plsy/m/n on input line 346.
LaTeX Font Info:    Overwriting symbol font `largesymbols' in version `normal'
(Font)                  OMX/cmex/m/n --> OMX/plex/m/n on input line 346.
LaTeX Font Info:    Encoding `OT1' has changed to `OT4' for symbol font
(Font)              `operators' in the math version `bold' on input line 346.
LaTeX Font Info:    Overwriting symbol font `operators' in version `bold'
(Font)                  OT1/cmr/bx/n --> OT4/cmr/bx/n on input line 346.
LaTeX Font Info:    Overwriting symbol font `letters' in version `bold'
(Font)                  OML/cmm/b/it --> OML/plm/b/it on input line 346.
LaTeX Font Info:    Overwriting symbol font `symbols' in version `bold'
(Font)                  OMS/cmsy/b/n --> OMS/plsy/b/n on input line 346.
)
("C:\Program Files\MiKTeX 2.9\tex\latex\base\inputenc.sty"
Package: inputenc 2008/03/30 v1.1d Input encoding file
\inpenc@prehook=\toks37
\inpenc@posthook=\toks38

("C:\Program Files\MiKTeX 2.9\tex\latex\base\cp1250.def"
File: cp1250.def 2008/03/30 v1.1d Input encoding file
))
("C:\Program Files\MiKTeX 2.9\tex\latex\graphics\color.sty"
Package: color 2005/11/14 v1.0j Standard LaTeX Color (DPC)

("C:\Program Files\MiKTeX 2.9\tex\latex\00miktex\color.cfg"
File: color.cfg 2007/01/18 v1.5 color configuration of teTeX/TeXLive
)
Package color Info: Driver file: dvips.def on input line 130.

("C:\Program Files\MiKTeX 2.9\tex\latex\graphics\dvipsnam.def"
File: dvipsnam.def 1999/02/16 v3.0i Driver-dependant file (DPC,SPQR)
))
("C:\Program Files\MiKTeX 2.9\tex\latex\xcolor\xcolor.sty"
Package: xcolor 2007/01/21 v2.11 LaTeX color extensions (UK)

("C:\Program Files\MiKTeX 2.9\tex\latex\00miktex\color.cfg"
File: color.cfg 2007/01/18 v1.5 color configuration of teTeX/TeXLive
)
Package xcolor Info: Driver file: dvips.def on input line 225.
LaTeX Info: Redefining \color on input line 702.
Package xcolor Info: Model `cmy' substituted by `cmy0' on input line 1337.
Package xcolor Info: Model `RGB' extended on input line 1353.
Package xcolor Info: Model `HTML' substituted by `rgb' on input line 1355.
Package xcolor Info: Model `Hsb' substituted by `hsb' on input line 1356.
Package xcolor Info: Model `tHsb' substituted by `hsb' on input line 1357.
Package xcolor Info: Model `HSB' substituted by `hsb' on input line 1358.
Package xcolor Info: Model `Gray' substituted by `gray' on input line 1359.
Package xcolor Info: Model `wave' substituted by `hsb' on input line 1360.
)

Class memoir Warning: You are using the caption package with the memoir 
(memoir)              class. This may cause unexpected or inconsistent 
(memoir)              results if you use any of memoir's captioning facilities.


("C:\Program Files\MiKTeX 2.9\tex\latex\caption\caption.sty"
Package: caption 2010/01/09 v3.1m Customizing captions (AR)

("C:\Program Files\MiKTeX 2.9\tex\latex\caption\caption3.sty"
Package: caption3 2010/01/14 v3.1m caption3 kernel (AR)
\captionmargin=\dimen170
\captionmargin@=\dimen171
\captionwidth=\dimen172
\caption@indent=\dimen173
\caption@parindent=\dimen174
\caption@hangindent=\dimen175
)
\c@ContinuedFloat=\count167
Package caption Info: listings package is loaded.
Package caption Info: longtable package is loaded.

("C:\Program Files\MiKTeX 2.9\tex\latex\caption\ltcaption.sty"
Package: ltcaption 2008/03/28 v1.2 longtable captions (AR)
)
Package caption Info: rotating package is loaded.
)
\ms@idxfile=\write4

Writing index file ms.idx 
("C:\Program Files\MiKTeX 2.9\tex\latex\citeref\citeref.sty"
Package: citeref 1999/27/05

Package citeref v1.1 <1999/27/05> (Bjoern Briel)
) ("C:\Program Files\MiKTeX 2.9\tex\latex\hyperref\hyperref.sty"
Package: hyperref 2010/10/30 v6.81t Hypertext links for LaTeX

("C:\Program Files\MiKTeX 2.9\tex\generic\oberdiek\ltxcmds.sty"
Package: ltxcmds 2010/04/26 v1.7 LaTeX kernel commands for general use (HO)
)
("C:\Program Files\MiKTeX 2.9\tex\generic\oberdiek\infwarerr.sty"
Package: infwarerr 2010/04/08 v1.3 Providing info/warning/message (HO)
)
("C:\Program Files\MiKTeX 2.9\tex\generic\oberdiek\kvsetkeys.sty"
Package: kvsetkeys 2010/03/01 v1.9 Key value parser (HO)

("C:\Program Files\MiKTeX 2.9\tex\generic\oberdiek\etexcmds.sty"
Package: etexcmds 2010/01/28 v1.3 Prefix for e-TeX command names (HO)
Package etexcmds Info: Could not find \expanded.
(etexcmds)             That can mean that you are not using pdfTeX 1.50 or
(etexcmds)             that some package has redefined \expanded.
(etexcmds)             In the latter case, load this package earlier.
))
("C:\Program Files\MiKTeX 2.9\tex\generic\oberdiek\pdfescape.sty"
Package: pdfescape 2010/03/01 v1.9 Provides hex, PDF name and string conversion
s (HO)

("C:\Program Files\MiKTeX 2.9\tex\generic\oberdiek\pdftexcmds.sty"
Package: pdftexcmds 2010/04/01 v0.9 Utility functions of pdfTeX for LuaTeX (HO)

Package pdftexcmds Info: LuaTeX not detected.
Package pdftexcmds Info: \pdf@primitive is available.
Package pdftexcmds Info: \pdf@ifprimitive is available.
))
("C:\Program Files\MiKTeX 2.9\tex\generic\oberdiek\ifvtex.sty"
Package: ifvtex 2010/03/01 v1.5 Switches for detecting VTeX and its modes (HO)
Package ifvtex Info: VTeX not detected.
)
("C:\Program Files\MiKTeX 2.9\tex\latex\oberdiek\hycolor.sty"
Package: hycolor 2009/12/12 v1.6 Color options of hyperref/bookmark (HO)

("C:\Program Files\MiKTeX 2.9\tex\latex\oberdiek\xcolor-patch.sty"
Package: xcolor-patch 2009/12/12 xcolor patch
))
("C:\Program Files\MiKTeX 2.9\tex\latex\oberdiek\letltxmacro.sty"
Package: letltxmacro 2008/06/24 v1.3 Let assignment for LaTeX macros (HO)
)
("C:\Program Files\MiKTeX 2.9\tex\latex\oberdiek\kvoptions.sty"
Package: kvoptions 2010/02/22 v3.7 Keyval support for LaTeX options (HO)
)
\@linkdim=\dimen176
\Hy@linkcounter=\count168
\Hy@pagecounter=\count169

("C:\Program Files\MiKTeX 2.9\tex\latex\hyperref\pd1enc.def"
File: pd1enc.def 2010/10/30 v6.81t Hyperref: PDFDocEncoding definition (HO)
)
("C:\Program Files\MiKTeX 2.9\tex\generic\oberdiek\intcalc.sty"
Package: intcalc 2007/09/27 v1.1 Expandable integer calculations (HO)
)
\Hy@SavedSpaceFactor=\count170

("C:\Program Files\MiKTeX 2.9\tex\latex\00miktex\hyperref.cfg"
File: hyperref.cfg 2002/06/06 v1.2 hyperref configuration of TeXLive
)
Package hyperref Info: Hyper figures OFF on input line 3976.
Package hyperref Info: Link nesting OFF on input line 3981.
Package hyperref Info: Hyper index ON on input line 3984.
Package hyperref Info: Plain pages OFF on input line 3991.
Package hyperref Info: Backreferencing OFF on input line 3996.
Package hyperref Info: Implicit mode ON; LaTeX internals redefined.
Package hyperref Info: Bookmarks ON on input line 4211.
\c@Hy@tempcnt=\count171
LaTeX Info: Redefining \url on input line 4566.

("C:\Program Files\MiKTeX 2.9\tex\generic\oberdiek\bitset.sty"
Package: bitset 2007/09/28 v1.0 Data type bit set (HO)

("C:\Program Files\MiKTeX 2.9\tex\generic\oberdiek\bigintcalc.sty"
Package: bigintcalc 2007/11/11 v1.1 Expandable big integer calculations (HO)
))
\Fld@menulength=\count172
\Field@Width=\dimen177
\Fld@charsize=\dimen178
Package hyperref Info: Hyper figures OFF on input line 5626.
Package hyperref Info: Link nesting OFF on input line 5631.
Package hyperref Info: Hyper index ON on input line 5634.
Package hyperref Info: backreferencing OFF on input line 5641.
Package hyperref Info: Link coloring OFF on input line 5646.
Package hyperref Info: Link coloring with OCG OFF on input line 5651.
Package hyperref Info: PDF/A mode OFF on input line 5656.
LaTeX Info: Redefining \ref on input line 5696.
LaTeX Info: Redefining \pageref on input line 5700.

("C:\Program Files\MiKTeX 2.9\tex\generic\oberdiek\atbegshi.sty"
Package: atbegshi 2010/03/25 v1.12 At begin shipout hook (HO)
)
\Hy@abspage=\count173
\c@Item=\count174
)
("C:\Program Files\MiKTeX 2.9\tex\latex\memoir\memhfixc.sty"
Package: memhfixc 2010/08/17 v1.15 nameref/hyperref package fixes for memoir cl
ass
\c@memhycontfloat=\count175
)

Package hyperref Message: Driver (default): hdvips.

("C:\Program Files\MiKTeX 2.9\tex\latex\hyperref\hdvips.def"
File: hdvips.def 2010/10/30 v6.81t Hyperref driver for dvips

("C:\Program Files\MiKTeX 2.9\tex\latex\hyperref\pdfmark.def"
File: pdfmark.def 2010/10/30 v6.81t Hyperref definitions for pdfmark specials
\pdf@docset=\toks39
\pdf@box=\box37
\pdf@toks=\toks40
\pdf@defaulttoks=\toks41
\Fld@listcount=\count176
\c@bookmark@seq@number=\count177

("C:\Program Files\MiKTeX 2.9\tex\latex\oberdiek\rerunfilecheck.sty"
Package: rerunfilecheck 2010/03/16 v1.6 Rerun checks for auxiliary files (HO)

("C:\Program Files\MiKTeX 2.9\tex\latex\oberdiek\atveryend.sty"
Package: atveryend 2010/03/24 v1.5 Hooks at very end of document (HO)
Package atveryend Info: \enddocument detected (standard).
)
("C:\Program Files\MiKTeX 2.9\tex\generic\oberdiek\uniquecounter.sty"
Package: uniquecounter 2009/12/18 v1.1 Provides unlimited unique counter (HO)
)
Package uniquecounter Info: New unique counter `rerunfilecheck' on input line 2
71.
)
\Hy@SectionHShift=\skip198
))

******************************************************
Stock height and width: 845.04684pt by 597.50787pt
Top and edge trims: 0pt and 0pt
Page height and width: 845.04684pt by 597.50787pt
Text height and width: 621pt by 384pt
Spine and edge margins: 107.27089pt and 106.23698pt
Upper and lower margins: 97.27478pt and 126.77206pt
Headheight and headsep: 14.5pt and 29pt
Footskip: 29pt
Columnsep and columnseprule: 10pt and 0pt
Marginparsep and marginparwidth: 7pt and 42pt
Sidecapsep and sidecapwidth: 7pt and 42pt
Sidebarhsep and sidebarwidth: 7pt and 42pt
Sidebarvsep and sidebartopsep: 14.5pt and 0pt
Sidebarheight: 590.14995pt
Sidefoothsep and sidefootwidth: 7pt and 42pt
Sidefootvsep and sidefootheight: 14.5pt and 590.14995pt
******************************************************

) (C:\Dev\asprofiled\Docs\MS\ms.aux

LaTeX Warning: Label `CCvsAsP1' multiply defined.

)
LaTeX Font Info:    Checking defaults for OML/cmm/m/it on input line 6.
LaTeX Font Info:    ... okay on input line 6.
LaTeX Font Info:    Checking defaults for T1/cmr/m/n on input line 6.
LaTeX Font Info:    ... okay on input line 6.
LaTeX Font Info:    Checking defaults for OT1/cmr/m/n on input line 6.
LaTeX Font Info:    ... okay on input line 6.
LaTeX Font Info:    Checking defaults for OMS/cmsy/m/n on input line 6.
LaTeX Font Info:    ... okay on input line 6.
LaTeX Font Info:    Checking defaults for OMX/cmex/m/n on input line 6.
LaTeX Font Info:    ... okay on input line 6.
LaTeX Font Info:    Checking defaults for U/cmr/m/n on input line 6.
LaTeX Font Info:    ... okay on input line 6.
LaTeX Font Info:    Checking defaults for OT4/cmr/m/n on input line 6.
LaTeX Font Info:    ... okay on input line 6.
LaTeX Font Info:    Checking defaults for PD1/pdf/m/n on input line 6.
LaTeX Font Info:    ... okay on input line 6.
\c@lstlisting=\count178
Package caption Info: Begin \AtBeginDocument code.
Package caption Info: Incompatible package detected (regarding \caption).
(caption)             \caption = \long macro:->\donemaincaptiontrue \m@moldhypc
aption .


Package caption Warning: \caption will not be redefined since it's already
(caption)                redefined by a document class or package which is
(caption)                unknown to the caption package.
See the caption package documentation for explanation.

Package caption Info: hyperref package is loaded.
Package caption Info: End \AtBeginDocument code.
\AtBeginShipoutBox=\box38
Package hyperref Info: Link coloring OFF on input line 6.
("C:\Program Files\MiKTeX 2.9\tex\latex\hyperref\nameref.sty"
Package: nameref 2010/04/30 v2.40 Cross-referencing by name of section

("C:\Program Files\MiKTeX 2.9\tex\latex\oberdiek\refcount.sty"
Package: refcount 2008/08/11 v3.1 Data extraction from references (HO)
)
("C:\Program Files\MiKTeX 2.9\tex\generic\oberdiek\gettitlestring.sty"
Package: gettitlestring 2009/12/18 v1.3 Cleanup title references (HO)
)
\c@section@level=\count179
)
Redoing nameref's sectioning
Redoing nameref's label
LaTeX Info: Redefining \nameref on input line 6.
LaTeX Info: Redefining \ref on input line 6.
LaTeX Info: Redefining \pageref on input line 6.
LaTeX Info: Redefining \nameref on input line 6.
(C:\Dev\asprofiled\Docs\MS\ms.out) (C:\Dev\asprofiled\Docs\MS\ms.out)
\@outlinefile=\write5

(C:\Dev\asprofiled\Docs\MS\front.tex
LaTeX Font Info:    Try loading font information for OT4+cmss on input line 10.


("C:\Program Files\MiKTeX 2.9\tex\latex\polski\ot4cmss.fd"
File: ot4cmss.fd 2008/02/24 v1.2.1 Font defs for fonts PL (MW)
) [1


]
(C:\Dev\asprofiled\Docs\MS\ms.toc
LaTeX Font Info:    Try loading font information for OML+plm on input line 3.

("C:\Program Files\MiKTeX 2.9\tex\latex\polski\omlplm.fd"
File: omlplm.fd 2008/02/24 v1.2.1 Font defs for fonts PL (MW)
)
LaTeX Font Info:    Try loading font information for OMS+plsy on input line 3.

("C:\Program Files\MiKTeX 2.9\tex\latex\polski\omsplsy.fd"
File: omsplsy.fd 2008/02/24 v1.2.1 Font defs for fonts PL (MW)
)
LaTeX Font Info:    Try loading font information for OMX+plex on input line 3.

("C:\Program Files\MiKTeX 2.9\tex\latex\polski\omxplex.fd"
File: omxplex.fd 2008/02/24 v1.2.1 Font defs for fonts PL (MW)
)
LaTeX Font Info:    External font `plex10' loaded for size
(Font)              <12> on input line 3.
LaTeX Font Info:    External font `plex10' loaded for size
(Font)              <8> on input line 3.
LaTeX Font Info:    External font `plex10' loaded for size
(Font)              <6> on input line 3.
LaTeX Font Info:    Try loading font information for U+msa on input line 3.

("C:\Program Files\MiKTeX 2.9\tex\latex\amsfonts\umsa.fd"
File: umsa.fd 2009/06/22 v3.00 AMS symbols A
)
LaTeX Font Info:    Try loading font information for U+msb on input line 3.

("C:\Program Files\MiKTeX 2.9\tex\latex\amsfonts\umsb.fd"
File: umsb.fd 2009/06/22 v3.00 AMS symbols B
)
LaTeX Font Info:    Try loading font information for U+stmry on input line 3.

("C:\Program Files\MiKTeX 2.9\tex\latex\stmaryrd\ustmry.fd")
Overfull \hbox (6.22656pt too wide) in paragraph at lines 22--22
 [][][] [] []  
 []

[1

]
Overfull \hbox (0.31894pt too wide) in paragraph at lines 30--30
 [][][] [] []  
 []

)) [2] (C:\Dev\asprofiled\Docs\MS\chap1//chap1.tex
LaTeX Font Info:    Font shape `OT4/cmss/m/it' in size <12> not available
(Font)              Font shape `OT4/cmss/m/sl' tried instead on input line 4.

Underfull \hbox (badness 10000) in paragraph at lines 4--5

 []


Underfull \hbox (badness 10000) in paragraph at lines 6--8

 []


Underfull \hbox (badness 10000) in paragraph at lines 9--11

 []

LaTeX Font Info:    Try loading font information for OMS+cmss on input line 14.

LaTeX Font Info:    No file OMScmss.fd. on input line 14.

LaTeX Font Warning: Font shape `OMS/cmss/m/n' undefined
(Font)              using `OMS/cmsy/m/n' instead
(Font)              for symbol `textbullet' on input line 14.

[1


]
Underfull \hbox (badness 10000) in paragraph at lines 20--21

 []


Underfull \hbox (badness 10000) in paragraph at lines 34--38

 []


Underfull \hbox (badness 10000) in paragraph at lines 39--41

 []

[2]
Underfull \hbox (badness 10000) in paragraph at lines 47--49

 []

[3]
Overfull \hbox (8.16603pt too wide) in paragraph at lines 64--65
[]\OT4/cmss/m/n/12 Rozdziaª dru-gi opi-su-je za-gad-nie-nie pro-gra-mo-wa-nia k
on-trak-to-we-go. W szcze-
 []

) (C:\Dev\asprofiled\Docs\MS\chap2//chap2.tex [4]
Overfull \hbox (5.19064pt too wide) in paragraph at lines 5--11
\OT4/cmss/m/n/12 mal-n¡ we-ry-fi-ka-cj¡ pro-gra-mów, for-mal-n¡ spe-cy-fi-ka-cj
¡ oraz lo-gi-k¡ Ho-are'a. Wszyst-
 []

[5

]
Underfull \hbox (badness 10000) in paragraph at lines 27--28

 []


Underfull \hbox (badness 10000) in paragraph at lines 39--44

 []


Overfull \hbox (6.0pt too wide) in paragraph at lines 46--46
[][][][][][][] 
 []

LaTeX Font Info:    Try loading font information for OT4+cmtt on input line 46.

("C:\Program Files\MiKTeX 2.9\tex\latex\polski\ot4cmtt.fd"
File: ot4cmtt.fd 2008/02/24 v1.2.1 Font defs for fonts PL (MW)
)
Overfull \vbox (14.86998pt too high) has occurred while \output is active []


[6]
Overfull \hbox (6.0pt too wide) in paragraph at lines 62--62
[][][][][][][] 
 []


Overfull \vbox (14.86998pt too high) has occurred while \output is active []


[7]
Underfull \hbox (badness 10000) in paragraph at lines 101--103

 []


Overfull \hbox (6.0pt too wide) in paragraph at lines 110--110
[][][][][][][] 
 []


Overfull \vbox (14.86998pt too high) has occurred while \output is active []


[8]
Overfull \hbox (6.0pt too wide) in paragraph at lines 120--120
[][][][][][][] 
 []

) (C:\Dev\asprofiled\Docs\MS\chap4//chap4.tex
Overfull \vbox (14.86998pt too high) has occurred while \output is active []


[9]
Overfull \vbox (14.86998pt too high) has occurred while \output is active []


[10]
Overfull \hbox (17.1668pt too wide) in paragraph at lines 3--3
[]\OT4/cmss/bx/n/17.28 Ogólny sche-mat ar-chi-tek-tu-ry bi-blio-te-ki AsPro-
 []

File: generalflow.eps Graphic file (type eps)
<generalflow.eps>

LaTeX Warning: `h' float specifier changed to `ht'.

[11

] [12]
Underfull \hbox (badness 10000) in paragraph at lines 22--25

 []


Overfull \hbox (6.0pt too wide) in paragraph at lines 27--27
[][][][][][][] 
 []

[13

]
Overfull \hbox (6.0pt too wide) in paragraph at lines 41--41
[][][][][][][] 
 []


LaTeX Font Warning: Font shape `OT4/cmtt/bx/n' in size <10> not available
(Font)              Font shape `OT4/cmtt/m/n' tried instead on input line 42.

[14]
Underfull \hbox (badness 10000) in paragraph at lines 89--94

 []


Underfull \hbox (badness 10000) in paragraph at lines 100--102

 []


Overfull \hbox (6.0pt too wide) in paragraph at lines 113--113
[][][][][][][] 
 []

[15]
Underfull \hbox (badness 10000) in paragraph at lines 118--119

 []


Underfull \hbox (badness 10000) in paragraph at lines 123--124

 []


Underfull \hbox (badness 10000) in paragraph at lines 125--129

 []


Overfull \hbox (6.0pt too wide) in paragraph at lines 131--131
[][][][][][][] 
 []

[16]
Overfull \hbox (6.0pt too wide) in paragraph at lines 143--143
[][][][][][][] 
 []

[17]
Underfull \hbox (badness 10000) in paragraph at lines 180--181

 []


Underfull \hbox (badness 10000) in paragraph at lines 191--194

 []

[18]
Underfull \hbox (badness 10000) in paragraph at lines 198--200

 []

) (C:\Dev\asprofiled\Docs\MS\chap5//chap5.tex [19]
File: ./images/evalflow.ps Graphic file (type eps)
 <./images/evalflow.ps>

LaTeX Warning: `h' float specifier changed to `ht'.

[20

] [21] [22

]
Overfull \hbox (6.0pt too wide) in paragraph at lines 19--19
[][][][][][][] 
 []


Overfull \hbox (7.40761pt too wide) in paragraph at lines 38--40
\OT4/cmss/m/n/12 gra-ma-ty-k¦ bez-kon-tek-sto-w¡. Gra-ma-ty-ka ta zo-sta-ªa wy-
ko-rzy-sta-na w apli-ka-cji GOLD
 []


Overfull \hbox (6.0pt too wide) in paragraph at lines 41--41
[][][][][][][] 
 []

[23

] [24]
Overfull \hbox (6.0pt too wide) in paragraph at lines 108--108
[][][][][][][] 
 []


Underfull \vbox (badness 10000) detected at line 124
 []

[25]
Overfull \hbox (6.0pt too wide) in paragraph at lines 134--134
[][][][][][][] 
 []


Underfull \hbox (badness 10000) in paragraph at lines 139--140

 []


Underfull \hbox (badness 10000) in paragraph at lines 141--145

 []

[26]
Overfull \hbox (6.0pt too wide) in paragraph at lines 149--149
[][][][][][][] 
 []

[27

]
Overfull \hbox (6.0pt too wide) in paragraph at lines 212--212
[][][][][][][] 
 []

[28]
Overfull \hbox (6.0pt too wide) in paragraph at lines 225--225
[][][][][][][] 
 []


Overfull \hbox (6.0pt too wide) in paragraph at lines 230--230
[][][][][][][] 
 []


Overfull \hbox (12.72397pt too wide) in paragraph at lines 235--239
\OT4/cmss/m/sl/12 argumentInfo \OT4/cmss/m/n/12 - wska»-nik do struk-tu-ry COR[
]PRF[]FUNCTION[]ARGUMENT[]INFO,
 []


Overfull \hbox (17.57173pt too wide) in paragraph at lines 235--239
\OT4/cmss/m/sl/12 retvalRange \OT4/cmss/m/n/12 - wska¹-nik do struk-tu-ry COR[]
PRF[]FUNCTION[]ARGUMENT[]RANGE,
 []


Underfull \hbox (badness 10000) in paragraph at lines 235--239

 []

[29] [30]
Underfull \hbox (badness 4556) in paragraph at lines 288--288
[][]|\OT4/cmss/m/n/12 Token od-no-sz¡-cy si¦
 []


Underfull \hbox (badness 4582) in paragraph at lines 288--288
\OT4/cmss/m/n/12 do ty-pów re-fe-ren-cyj-
 []


Underfull \hbox (badness 5161) in paragraph at lines 294--294
[][]|\OT4/cmss/m/n/12 Token od-no-sz¡-cy do
 []


Underfull \hbox (badness 3199) in paragraph at lines 294--294
\OT4/cmss/m/n/12 in-for-ma-cji opi-su-j¡-cych
 []


Underfull \hbox (badness 5652) in paragraph at lines 298--298
[][]|\OT4/cmss/m/n/12 Typ to-ke-nu, któ-re-go
 []


Underfull \hbox (badness 5133) in paragraph at lines 298--298
\OT4/cmss/m/n/12 war-to-±ci od-no-sz¡ si¦
 []


Overfull \hbox (4.9817pt too wide) in alignment at lines 282--310
 [] [] [] 
 []


Underfull \vbox (badness 10000) detected at line 310
 []


Overfull \vbox (3.40347pt too high) has occurred while \output is active []


[31] [32]
File: ./images/MethodDefSig2.ps Graphic file (type eps)
 <./images/MethodDefSig2.ps> [33

]
File: ./images/paramdiagram.ps Graphic file (type eps)
 <./images/paramdiagram.ps>
File: ./images/rettypediagram.ps Graphic file (type eps)

<./images/rettypediagram.ps> [34

]
Underfull \hbox (badness 10000) in paragraph at lines 409--410

 []


Overfull \hbox (6.0pt too wide) in paragraph at lines 410--410
[][][][][][][] 
 []

File: ./images/customattrib.ps Graphic file (type eps)
<./images/customattrib.ps>
Overfull \hbox (1.21063pt too wide) in paragraph at lines 434--436
[][]\OT4/cmss/m/n/12 Interpretacja tych sy-gna-tur jest pod-sta-wo-wym ele-men-
tem, któ-ry trze-ba wzi¡¢
 []

[35

]
Overfull \hbox (6.0pt too wide) in paragraph at lines 445--445
[][][][][][][] 
 []


Overfull \hbox (6.0pt too wide) in paragraph at lines 455--455
[][][][][][][] 
 []

[36]
Overfull \hbox (6.0pt too wide) in paragraph at lines 473--473
[][][][][][][] 
 []


Overfull \hbox (6.0pt too wide) in paragraph at lines 499--499
[][][][][][][] 
 []

[37]
Overfull \hbox (6.0pt too wide) in paragraph at lines 544--544
[][][][][][][] 
 []

[38]
Overfull \hbox (6.0pt too wide) in paragraph at lines 554--554
[][][][][][][] 
 []


Underfull \hbox (badness 10000) in paragraph at lines 559--561

 []


Underfull \hbox (badness 10000) in paragraph at lines 568--570

 []


Underfull \vbox (badness 10000) detected at line 598
 []

[39]
Underfull \hbox (badness 10000) in paragraph at lines 601--602

 []

[40]
Underfull \hbox (badness 10000) in paragraph at lines 627--629

 []

[41]
Overfull \hbox (6.0pt too wide) in paragraph at lines 643--643
[][][][][][][] 
 []


Underfull \hbox (badness 10000) in paragraph at lines 651--652

 []


Overfull \hbox (6.0pt too wide) in paragraph at lines 656--656
[][][][][][][] 
 []


Underfull \hbox (badness 10000) in paragraph at lines 662--664

 []

[42]
Underfull \hbox (badness 10000) in paragraph at lines 674--676

 []

[43]
Overfull \hbox (6.0pt too wide) in paragraph at lines 691--691
[][][][][][][] 
 []


Underfull \hbox (badness 10000) in paragraph at lines 705--708

 []

[44]
Overfull \hbox (6.0pt too wide) in paragraph at lines 711--711
[][][][][][][] 
 []


Overfull \hbox (6.0pt too wide) in paragraph at lines 718--718
[][][][][][][] 
 []

) (C:\Dev\asprofiled\Docs\MS\chap6//chap6.tex [45] [46]
Underfull \hbox (badness 10000) in paragraph at lines 5--6

 []

[47

]
Underfull \hbox (badness 10000) in paragraph at lines 16--17

 []


Underfull \hbox (badness 10000) in paragraph at lines 19--21

 []


Overfull \hbox (6.0pt too wide) in paragraph at lines 27--27
[][][][][][][] 
 []


Overfull \hbox (6.0pt too wide) in paragraph at lines 43--43
[][][][][][][] 
 []

[48]
LaTeX Font Info:    Try loading font information for OML+cmss on input line 61.

LaTeX Font Info:    No file OMLcmss.fd. on input line 61.


LaTeX Font Warning: Font shape `OML/cmss/m/it' undefined
(Font)              using `OML/cmm/m/it' instead
(Font)              for symbol `textless' on input line 61.


Underfull \hbox (badness 10000) in paragraph at lines 61--63

 []


Underfull \hbox (badness 10000) in paragraph at lines 64--69
\OT4/cmss/m/sl/12 ^na-zwa-Ar-gu-men-tu\OT4/cmss/m/n/12 , z ko-lei tu-taj t¡ ro-
l¦ peª-ni me-to-da
 []


Overfull \hbox (6.0pt too wide) in paragraph at lines 70--70
[][][][][][][] 
 []

[49]
Overfull \hbox (6.0pt too wide) in paragraph at lines 80--80
[][][][][][][] 
 []


LaTeX Font Warning: Font shape `OML/cmss/m/n' undefined
(Font)              using `OML/cmss/m/it' instead
(Font)              for symbol `textless' on input line 90.


Overfull \hbox (6.0pt too wide) in paragraph at lines 94--94
[][][][][][][] 
 []


Overfull \hbox (29.3747pt too wide) in paragraph at lines 94--94
[] []
 []


Underfull \hbox (badness 10000) in paragraph at lines 94--94

 []

[50

]
Overfull \hbox (6.0pt too wide) in paragraph at lines 114--114
[][][][][][][] 
 []


Overfull \hbox (6.0pt too wide) in paragraph at lines 124--124
[][][][][][][] 
 []

[51] [52]
Overfull \hbox (6.0pt too wide) in paragraph at lines 182--182
[][][][][][][] 
 []


Overfull \hbox (6.0pt too wide) in paragraph at lines 192--192
[][][][][][][] 
 []


Underfull \hbox (badness 10000) in paragraph at lines 208--210

 []

[53]
Underfull \hbox (badness 10000) in paragraph at lines 231--233

 []


Overfull \hbox (6.0pt too wide) in paragraph at lines 235--235
[][][][][][][] 
 []

[54]
Overfull \hbox (6.0pt too wide) in paragraph at lines 266--266
[][][][][][][] 
 []

[55]
Underfull \hbox (badness 10000) in paragraph at lines 283--285

 []


Overfull \hbox (6.0pt too wide) in paragraph at lines 287--287
[][][][][][][] 
 []


Underfull \hbox (badness 10000) in paragraph at lines 292--293

 []


Underfull \hbox (badness 10000) in paragraph at lines 294--297

 []


Overfull \hbox (6.0pt too wide) in paragraph at lines 300--300
[][][][][][][] 
 []

[56]
Overfull \hbox (6.0pt too wide) in paragraph at lines 311--311
[][][][][][][] 
 []


Underfull \hbox (badness 10000) in paragraph at lines 336--337

 []


Underfull \hbox (badness 10000) in paragraph at lines 338--339

 []

[57]
Underfull \hbox (badness 2285) in paragraph at lines 349--349
[][]|\OT4/cmss/m/n/8 Atrybut na-kªa-da-ny na
 []


Underfull \hbox (badness 10000) in paragraph at lines 354--356
\OT4/cmss/m/n/8 Odbieranie po-wia-do-
 []


Underfull \hbox (badness 10000) in paragraph at lines 354--356
\OT4/cmss/m/n/8 Interpretacja da-nych
 []


Underfull \hbox (badness 10000) in paragraph at lines 358--358
[][]|\OT4/cmss/m/n/8 Przepisywanie j¦-zy-ka
 []


Underfull \hbox (badness 10000) in paragraph at lines 358--358
\OT4/cmss/m/n/8 po-±red-nie-go skom-pi-lo-
 []


Underfull \hbox (badness 7468) in paragraph at lines 360--360
[][]|\OT4/cmss/m/n/8 Dynamiczna ge-ne-ra-cja
 []


Underfull \hbox (badness 10000) in paragraph at lines 377--378
\OT4/cmss/m/n/8 (interfejs IPo-st-con-di-
 []


Underfull \hbox (badness 4765) in paragraph at lines 387--388
\OT4/cmss/m/n/8 Call, wy-ma-ga r¦cz-nej
 []


Underfull \hbox (badness 10000) in paragraph at lines 402--403
\OT4/cmss/m/n/8 (ªatwa im-ple-men-ta-cja,
 []


Underfull \hbox (badness 10000) in paragraph at lines 402--403
\OT4/cmss/m/n/8 wy-star-czy spraw-dza¢
 []


Underfull \hbox (badness 3039) in paragraph at lines 402--403
\OT4/cmss/m/n/8 kon-trakt dla kla-sy w
 []


Underfull \hbox (badness 10000) in paragraph at lines 405--406
\OT4/cmss/m/n/8 (metoda ozna-czo-na
 []


Underfull \hbox (badness 10000) in paragraph at lines 405--406
\OT4/cmss/m/n/8 atry-bu-tem [Con-trac-tI-
 []


Overfull \hbox (25.14024pt too wide) in alignment at lines 345--411
 [] [] [] [] 
 []


Underfull \vbox (badness 10000) detected at line 411
 []

) (C:\Dev\asprofiled\Docs\MS\chap7//chap7.tex [58]
Underfull \hbox (badness 10000) in paragraph at lines 2--5

 []

) [59

] (C:\Dev\asprofiled\Docs\MS\ms.bbl [60]
bibitemlist
LaTeX Font Info:    External font `plex10' loaded for size
(Font)              <10.95> on input line 7.

Underfull \hbox (badness 10000) in paragraph at lines 27--32
[][][][]\OT4/cmss/m/n/12 .
 []


Underfull \hbox (badness 10000) in paragraph at lines 32--37
[][][][]\OT4/cmss/m/n/12 .
 []


Underfull \hbox (badness 10000) in paragraph at lines 37--42
[][][][]\OT4/cmss/m/n/12 .
 []


Underfull \hbox (badness 10000) in paragraph at lines 42--43
[][][][]\OT4/cmss/m/n/12 .
 []

) [61

] (C:\Dev\asprofiled\Docs\MS\back.tex (C:\Dev\asprofiled\Docs\MS\ms.ind))
\tf@toc=\write6
Package atveryend Info: Empty hook `BeforeClearDocument' on input line 34.
Package atveryend Info: Empty hook `AfterLastShipout' on input line 34.

(C:\Dev\asprofiled\Docs\MS\ms.aux)
Package atveryend Info: Executing hook `AtVeryEndDocument' on input line 34.
Package rerunfilecheck Info: File `ms.out' has not changed.
(rerunfilecheck)             Checksum: E3ED5E18DDCA5CC8FC2C2928CAD4B53B;2779.


LaTeX Font Warning: Some font shapes were not available, defaults substituted.


LaTeX Warning: There were multiply-defined labels.

 ) 
Here is how much of TeX's memory you used:
 13261 strings out of 494020
 189914 string characters out of 3146449
 417885 words of memory out of 3000000
 16280 multiletter control sequences out of 15000+200000
 23101 words of font info for 66 fonts, out of 3000000 for 9000
 714 hyphenation exceptions out of 8191
 41i,13n,45p,1196b,2852s stack positions out of 5000i,500n,10000p,200000b,50000s

Output written on ms.dvi (64 pages, 373564 bytes).
