\BOOKMARK [0][-]{section*.1}{Spis tresci}{}% 1
\BOOKMARK [0][-]{chapter.1}{Wstep}{}% 2
\BOOKMARK [1][-]{section.1.1}{Platforma .NET i CLR}{chapter.1}% 3
\BOOKMARK [1][-]{section.1.2}{Za\233ozenia}{chapter.1}% 4
\BOOKMARK [0][-]{chapter.2}{Programowanie kontraktowe}{}% 5
\BOOKMARK [1][-]{section.2.1}{Historia}{chapter.2}% 6
\BOOKMARK [1][-]{section.2.2}{Opis}{chapter.2}% 7
\BOOKMARK [0][-]{chapter.3}{Profilowanie}{}% 8
\BOOKMARK [1][-]{section.3.1}{Profilowanie \205 opis}{chapter.3}% 9
\BOOKMARK [1][-]{section.3.2}{Typy profilowania}{chapter.3}% 10
\BOOKMARK [2][-]{subsection.3.2.1}{Instrumentacja}{section.3.2}% 11
\BOOKMARK [2][-]{subsection.3.2.2}{Pr\363bkowanie}{section.3.2}% 12
\BOOKMARK [1][-]{section.3.3}{Profilowanie w srodowisku .NET}{chapter.3}% 13
\BOOKMARK [1][-]{section.3.4}{Profilowanie a dynamiczna weryfikacja program\363w}{chapter.3}% 14
\BOOKMARK [0][-]{chapter.4}{Om\363wienie funkcjonalnosci biblioteki}{}% 15
\BOOKMARK [1][-]{section.4.1}{Inspekcja nadzorowanego programu}{chapter.4}% 16
\BOOKMARK [1][-]{section.4.2}{Kontrakty}{chapter.4}% 17
\BOOKMARK [1][-]{section.4.3}{Metadane}{chapter.4}% 18
\BOOKMARK [2][-]{subsection.4.3.1}{Reprezentacja metadanych}{section.4.3}% 19
\BOOKMARK [2][-]{subsection.4.3.2}{Interpretacja metadanych}{section.4.3}% 20
\BOOKMARK [1][-]{section.4.4}{Odczytywanie wartosci obiekt\363w}{chapter.4}% 21
\BOOKMARK [1][-]{section.4.5}{Wartosci poczatkowe}{chapter.4}% 22
\BOOKMARK [1][-]{section.4.6}{Wartosci zwracane}{chapter.4}% 23
\BOOKMARK [1][-]{section.4.7}{Ograniczenia}{chapter.4}% 24
\BOOKMARK [0][-]{chapter.5}{Szczeg\363\233y implementacji}{}% 25
\BOOKMARK [1][-]{section.5.1}{Atrybuty jako kontrakty}{chapter.5}% 26
\BOOKMARK [1][-]{section.5.2}{Gramatyka kontrakt\363w}{chapter.5}% 27
\BOOKMARK [1][-]{section.5.3}{Om\363wienie i implementacja interfejs\363w}{chapter.5}% 28
\BOOKMARK [1][-]{section.5.4}{Odbieranie notyfikacji o zdarzeniach zachodzacych w programie}{chapter.5}% 29
\BOOKMARK [1][-]{section.5.5}{Odczyt metadanych}{chapter.5}% 30
\BOOKMARK [1][-]{section.5.6}{Inspekcja wartosci zmiennych}{chapter.5}% 31
\BOOKMARK [2][-]{subsection.5.6.1}{Typy proste}{section.5.6}% 32
\BOOKMARK [2][-]{subsection.5.6.2}{Typy z\233ozone}{section.5.6}% 33
\BOOKMARK [1][-]{section.5.7}{Parsowanie wyrazen zawartych w kontraktach}{chapter.5}% 34
\BOOKMARK [1][-]{section.5.8}{Ewaluacja kontrakt\363w}{chapter.5}% 35
\BOOKMARK [2][-]{subsection.5.8.1}{Ramki funkcji}{section.5.8}% 36
\BOOKMARK [2][-]{subsection.5.8.2}{Zachowywanie wartosci poczatkowych}{section.5.8}% 37
\BOOKMARK [0][-]{chapter.6}{Por\363wnanie z innymi bibliotekami}{}% 38
\BOOKMARK [1][-]{section.6.1}{CodeContracts}{chapter.6}% 39
\BOOKMARK [1][-]{section.6.2}{LinFu.Contracts}{chapter.6}% 40
\BOOKMARK [0][-]{chapter.7}{Podsumowanie}{}% 41
\BOOKMARK [0][-]{section*.3}{Bibliografia}{}% 42
