\BOOKMARK [0][-]{section*.1}{Spis tresci}{}% 1
\BOOKMARK [0][-]{chapter.1}{Wstep}{}% 2
\BOOKMARK [1][-]{section.1.1}{Platforma .NET i CLR}{chapter.1}% 3
\BOOKMARK [1][-]{section.1.2}{Za\233ozenia}{chapter.1}% 4
\BOOKMARK [0][-]{chapter.2}{Programowanie kontraktowe}{}% 5
\BOOKMARK [1][-]{section.2.1}{Historia}{chapter.2}% 6
\BOOKMARK [1][-]{section.2.2}{Opis}{chapter.2}% 7
\BOOKMARK [0][-]{chapter.3}{Om\363wienie funkcjonalnosci biblioteki}{}% 8
\BOOKMARK [1][-]{section.3.1}{Inspekcja nadzorowanego programu}{chapter.3}% 9
\BOOKMARK [1][-]{section.3.2}{Kontrakty}{chapter.3}% 10
\BOOKMARK [1][-]{section.3.3}{Metadane}{chapter.3}% 11
\BOOKMARK [2][-]{subsection.3.3.1}{Reprezentacja metadanych}{section.3.3}% 12
\BOOKMARK [2][-]{subsection.3.3.2}{Interpretacja metadanych}{section.3.3}% 13
\BOOKMARK [1][-]{section.3.4}{Odczytywanie wartosci argument\363w metod}{chapter.3}% 14
\BOOKMARK [1][-]{section.3.5}{Wartosci zwracane}{chapter.3}% 15
\BOOKMARK [1][-]{section.3.6}{Wartosci poczatkowe}{chapter.3}% 16
\BOOKMARK [0][-]{chapter.4}{Szczeg\363\233y implementacji}{}% 17
\BOOKMARK [1][-]{section.4.1}{Atrybuty jako kontrakty}{chapter.4}% 18
\BOOKMARK [1][-]{section.4.2}{Gramatyka kontrakt\363w}{chapter.4}% 19
\BOOKMARK [1][-]{section.4.3}{Om\363wienie i implementacja interfejs\363w}{chapter.4}% 20
\BOOKMARK [1][-]{section.4.4}{Odbieranie notyfikacji o zdarzeniach zachodzacych w programie}{chapter.4}% 21
\BOOKMARK [1][-]{section.4.5}{Odczyt metadanych}{chapter.4}% 22
\BOOKMARK [1][-]{section.4.6}{Parsowanie wyrazen zawartych w kontraktach}{chapter.4}% 23
\BOOKMARK [1][-]{section.4.7}{Inspekcja wartosci zmiennych}{chapter.4}% 24
\BOOKMARK [2][-]{subsection.4.7.1}{Typy wbudowane}{section.4.7}% 25
\BOOKMARK [2][-]{subsection.4.7.2}{Odwo\233ania do wartosci sk\233adowych obiekt\363w z\233ozonych}{section.4.7}% 26
\BOOKMARK [1][-]{section.4.8}{Ewaluacja kontrakt\363w}{chapter.4}% 27
\BOOKMARK [2][-]{subsection.4.8.1}{Zachowywanie wartosci poczatkowych}{section.4.8}% 28
\BOOKMARK [2][-]{subsection.4.8.2}{Wartosci zwracane}{section.4.8}% 29
\BOOKMARK [0][-]{chapter.5}{Por\363wnanie z innymi bibliotekami}{}% 30
\BOOKMARK [1][-]{section.5.1}{CodeContracts}{chapter.5}% 31
\BOOKMARK [1][-]{section.5.2}{LinFu.Contracts}{chapter.5}% 32
